[ 2019-12-02T10:58:45+08:00 ] 127.0.0.1 /wang/mywork/Admin/index.php
INFO: [ app_begin ] --START--
INFO: ReadHtmlCache Behavior ::run [ RunTime:0.000626s ]
INFO: CheckLang Behavior ::run [ RunTime:0.002544s ]
INFO: [ app_begin ] --END-- [ RunTime:0.003218s ]
NOTIC: [8] Undefined variable: data C:\phpstudy_pro\WWW\wang\mywork\Admin\APP\Lib\Action\CommonAction.class.php 第 53 行.

[ 2019-12-02T10:58:45+08:00 ] 127.0.0.1 /wang/mywork/Admin/index.php?s=/AdminIndex/index
INFO: [ route_check ] --START--
INFO: CheckRoute Behavior ::run [ RunTime:0.000593s ]
INFO: [ route_check ] --END-- [ RunTime:0.000614s ]
NOTIC: [2] preg_replace(): The /e modifier is no longer supported, use preg_replace_callback instead C:\phpstudy_pro\WWW\wang\mywork\ThinkPHP\Lib\Core\Dispatcher.class.php 第 132 行.
INFO: [ app_begin ] --START--
INFO: ReadHtmlCache Behavior ::run [ RunTime:0.000481s ]
INFO: CheckLang Behavior ::run [ RunTime:0.001761s ]
INFO: [ app_begin ] --END-- [ RunTime:0.002267s ]
INFO: [ view_parse ] --START--
NOTIC: [2] preg_replace(): The /e modifier is no longer supported, use preg_replace_callback instead C:\phpstudy_pro\WWW\wang\mywork\ThinkPHP\Lib\Template\ThinkTemplate.class.php 第 273 行.
NOTIC: [2] preg_replace(): The /e modifier is no longer supported, use preg_replace_callback instead C:\phpstudy_pro\WWW\wang\mywork\ThinkPHP\Lib\Template\ThinkTemplate.class.php 第 168 行.
NOTIC: [2] preg_replace(): The /e modifier is no longer supported, use preg_replace_callback instead C:\phpstudy_pro\WWW\wang\mywork\ThinkPHP\Lib\Template\ThinkTemplate.class.php 第 404 行.
NOTIC: [2] preg_replace(): The /e modifier is no longer supported, use preg_replace_callback instead C:\phpstudy_pro\WWW\wang\mywork\ThinkPHP\Lib\Template\ThinkTemplate.class.php 第 404 行.
NOTIC: [2] preg_replace(): The /e modifier is no longer supported, use preg_replace_callback instead C:\phpstudy_pro\WWW\wang\mywork\ThinkPHP\Lib\Template\ThinkTemplate.class.php 第 404 行.
NOTIC: [2] preg_replace(): The /e modifier is no longer supported, use preg_replace_callback instead C:\phpstudy_pro\WWW\wang\mywork\ThinkPHP\Lib\Template\ThinkTemplate.class.php 第 404 行.
NOTIC: [2] preg_replace(): The /e modifier is no longer supported, use preg_replace_callback instead C:\phpstudy_pro\WWW\wang\mywork\ThinkPHP\Lib\Template\ThinkTemplate.class.php 第 404 行.
NOTIC: [2] preg_replace(): The /e modifier is no longer supported, use preg_replace_callback instead C:\phpstudy_pro\WWW\wang\mywork\ThinkPHP\Lib\Template\ThinkTemplate.class.php 第 404 行.
NOTIC: [2] preg_replace(): The /e modifier is no longer supported, use preg_replace_callback instead C:\phpstudy_pro\WWW\wang\mywork\ThinkPHP\Lib\Template\ThinkTemplate.class.php 第 404 行.
NOTIC: [2] preg_replace(): The /e modifier is no longer supported, use preg_replace_callback instead C:\phpstudy_pro\WWW\wang\mywork\ThinkPHP\Lib\Template\ThinkTemplate.class.php 第 404 行.
NOTIC: [2] preg_replace(): The /e modifier is no longer supported, use preg_replace_callback instead C:\phpstudy_pro\WWW\wang\mywork\ThinkPHP\Lib\Template\ThinkTemplate.class.php 第 404 行.
NOTIC: [2] preg_replace(): The /e modifier is no longer supported, use preg_replace_callback instead C:\phpstudy_pro\WWW\wang\mywork\ThinkPHP\Lib\Template\ThinkTemplate.class.php 第 404 行.
NOTIC: [2] preg_replace(): The /e modifier is no longer supported, use preg_replace_callback instead C:\phpstudy_pro\WWW\wang\mywork\ThinkPHP\Lib\Template\ThinkTemplate.class.php 第 404 行.
NOTIC: [2] preg_replace(): The /e modifier is no longer supported, use preg_replace_callback instead C:\phpstudy_pro\WWW\wang\mywork\ThinkPHP\Lib\Template\ThinkTemplate.class.php 第 404 行.
NOTIC: [2] preg_replace(): The /e modifier is no longer supported, use preg_replace_callback instead C:\phpstudy_pro\WWW\wang\mywork\ThinkPHP\Lib\Template\ThinkTemplate.class.php 第 404 行.
NOTIC: [2] preg_replace(): The /e modifier is no longer supported, use preg_replace_callback instead C:\phpstudy_pro\WWW\wang\mywork\ThinkPHP\Lib\Template\ThinkTemplate.class.php 第 404 行.
NOTIC: [2] preg_replace(): The /e modifier is no longer supported, use preg_replace_callback instead C:\phpstudy_pro\WWW\wang\mywork\ThinkPHP\Lib\Template\ThinkTemplate.class.php 第 404 行.
NOTIC: [2] preg_replace(): The /e modifier is no longer supported, use preg_replace_callback instead C:\phpstudy_pro\WWW\wang\mywork\ThinkPHP\Lib\Template\ThinkTemplate.class.php 第 399 行.
NOTIC: [2] preg_replace(): The /e modifier is no longer supported, use preg_replace_callback instead C:\phpstudy_pro\WWW\wang\mywork\ThinkPHP\Lib\Template\ThinkTemplate.class.php 第 399 行.
NOTIC: [2] preg_replace(): The /e modifier is no longer supported, use preg_replace_callback instead C:\phpstudy_pro\WWW\wang\mywork\ThinkPHP\Lib\Template\ThinkTemplate.class.php 第 404 行.
NOTIC: [2] preg_replace(): The /e modifier is no longer supported, use preg_replace_callback instead C:\phpstudy_pro\WWW\wang\mywork\ThinkPHP\Lib\Template\ThinkTemplate.class.php 第 404 行.
NOTIC: [2] preg_replace(): The /e modifier is no longer supported, use preg_replace_callback instead C:\phpstudy_pro\WWW\wang\mywork\ThinkPHP\Lib\Template\ThinkTemplate.class.php 第 404 行.
NOTIC: [2] preg_replace(): The /e modifier is no longer supported, use preg_replace_callback instead C:\phpstudy_pro\WWW\wang\mywork\ThinkPHP\Lib\Template\ThinkTemplate.class.php 第 399 行.
NOTIC: [2] preg_replace(): The /e modifier is no longer supported, use preg_replace_callback instead C:\phpstudy_pro\WWW\wang\mywork\ThinkPHP\Lib\Template\ThinkTemplate.class.php 第 404 行.
NOTIC: [2] preg_replace(): The /e modifier is no longer supported, use preg_replace_callback instead C:\phpstudy_pro\WWW\wang\mywork\ThinkPHP\Lib\Template\ThinkTemplate.class.php 第 404 行.
NOTIC: [2] preg_replace(): The /e modifier is no longer supported, use preg_replace_callback instead C:\phpstudy_pro\WWW\wang\mywork\ThinkPHP\Lib\Template\ThinkTemplate.class.php 第 404 行.
NOTIC: [2] preg_replace(): The /e modifier is no longer supported, use preg_replace_callback instead C:\phpstudy_pro\WWW\wang\mywork\ThinkPHP\Lib\Template\ThinkTemplate.class.php 第 404 行.
NOTIC: [2] preg_replace(): The /e modifier is no longer supported, use preg_replace_callback instead C:\phpstudy_pro\WWW\wang\mywork\ThinkPHP\Lib\Template\ThinkTemplate.class.php 第 404 行.
NOTIC: [2] preg_replace(): The /e modifier is no longer supported, use preg_replace_callback instead C:\phpstudy_pro\WWW\wang\mywork\ThinkPHP\Lib\Template\ThinkTemplate.class.php 第 404 行.
NOTIC: [2] preg_replace(): The /e modifier is no longer supported, use preg_replace_callback instead C:\phpstudy_pro\WWW\wang\mywork\ThinkPHP\Lib\Template\ThinkTemplate.class.php 第 404 行.
NOTIC: [2] preg_replace(): The /e modifier is no longer supported, use preg_replace_callback instead C:\phpstudy_pro\WWW\wang\mywork\ThinkPHP\Lib\Template\ThinkTemplate.class.php 第 404 行.
NOTIC: [2] preg_replace(): The /e modifier is no longer supported, use preg_replace_callback instead C:\phpstudy_pro\WWW\wang\mywork\ThinkPHP\Lib\Template\ThinkTemplate.class.php 第 404 行.
NOTIC: [2] preg_replace(): The /e modifier is no longer supported, use preg_replace_callback instead C:\phpstudy_pro\WWW\wang\mywork\ThinkPHP\Lib\Template\ThinkTemplate.class.php 第 404 行.
NOTIC: [2] preg_replace(): The /e modifier is no longer supported, use preg_replace_callback instead C:\phpstudy_pro\WWW\wang\mywork\ThinkPHP\Lib\Template\ThinkTemplate.class.php 第 404 行.
NOTIC: [2] preg_replace(): The /e modifier is no longer supported, use preg_replace_callback instead C:\phpstudy_pro\WWW\wang\mywork\ThinkPHP\Lib\Template\ThinkTemplate.class.php 第 404 行.
NOTIC: [2] preg_replace(): The /e modifier is no longer supported, use preg_replace_callback instead C:\phpstudy_pro\WWW\wang\mywork\ThinkPHP\Lib\Template\ThinkTemplate.class.php 第 404 行.
NOTIC: [2] preg_replace(): The /e modifier is no longer supported, use preg_replace_callback instead C:\phpstudy_pro\WWW\wang\mywork\ThinkPHP\Lib\Template\ThinkTemplate.class.php 第 404 行.
NOTIC: [2] preg_replace(): The /e modifier is no longer supported, use preg_replace_callback instead C:\phpstudy_pro\WWW\wang\mywork\ThinkPHP\Lib\Template\ThinkTemplate.class.php 第 404 行.
NOTIC: [2] preg_replace(): The /e modifier is no longer supported, use preg_replace_callback instead C:\phpstudy_pro\WWW\wang\mywork\ThinkPHP\Lib\Template\ThinkTemplate.class.php 第 404 行.
NOTIC: [2] preg_replace(): The /e modifier is no longer supported, use preg_replace_callback instead C:\phpstudy_pro\WWW\wang\mywork\ThinkPHP\Lib\Template\ThinkTemplate.class.php 第 404 行.
NOTIC: [2] preg_replace(): The /e modifier is no longer supported, use preg_replace_callback instead C:\phpstudy_pro\WWW\wang\mywork\ThinkPHP\Lib\Template\ThinkTemplate.class.php 第 404 行.
NOTIC: [2] preg_replace(): The /e modifier is no longer supported, use preg_replace_callback instead C:\phpstudy_pro\WWW\wang\mywork\ThinkPHP\Lib\Template\ThinkTemplate.class.php 第 404 行.
NOTIC: [2] preg_replace(): The /e modifier is no longer supported, use preg_replace_callback instead C:\phpstudy_pro\WWW\wang\mywork\ThinkPHP\Lib\Template\ThinkTemplate.class.php 第 404 行.
NOTIC: [2] preg_replace(): The /e modifier is no longer supported, use preg_replace_callback instead C:\phpstudy_pro\WWW\wang\mywork\ThinkPHP\Lib\Template\ThinkTemplate.class.php 第 404 行.
NOTIC: [2] preg_replace(): The /e modifier is no longer supported, use preg_replace_callback instead C:\phpstudy_pro\WWW\wang\mywork\ThinkPHP\Lib\Template\ThinkTemplate.class.php 第 404 行.
NOTIC: [2] preg_replace(): The /e modifier is no longer supported, use preg_replace_callback instead C:\phpstudy_pro\WWW\wang\mywork\ThinkPHP\Lib\Template\ThinkTemplate.class.php 第 404 行.
NOTIC: [2] preg_replace(): The /e modifier is no longer supported, use preg_replace_callback instead C:\phpstudy_pro\WWW\wang\mywork\ThinkPHP\Lib\Template\ThinkTemplate.class.php 第 404 行.
NOTIC: [2] preg_replace(): The /e modifier is no longer supported, use preg_replace_callback instead C:\phpstudy_pro\WWW\wang\mywork\ThinkPHP\Lib\Template\ThinkTemplate.class.php 第 404 行.
NOTIC: [2] preg_replace(): The /e modifier is no longer supported, use preg_replace_callback instead C:\phpstudy_pro\WWW\wang\mywork\ThinkPHP\Lib\Template\ThinkTemplate.class.php 第 404 行.
NOTIC: [2] preg_replace(): The /e modifier is no longer supported, use preg_replace_callback instead C:\phpstudy_pro\WWW\wang\mywork\ThinkPHP\Lib\Template\ThinkTemplate.class.php 第 404 行.
NOTIC: [2] preg_replace(): The /e modifier is no longer supported, use preg_replace_callback instead C:\phpstudy_pro\WWW\wang\mywork\ThinkPHP\Lib\Template\ThinkTemplate.class.php 第 404 行.
NOTIC: [2] preg_replace(): The /e modifier is no longer supported, use preg_replace_callback instead C:\phpstudy_pro\WWW\wang\mywork\ThinkPHP\Lib\Template\ThinkTemplate.class.php 第 404 行.
NOTIC: [2] preg_replace(): The /e modifier is no longer supported, use preg_replace_callback instead C:\phpstudy_pro\WWW\wang\mywork\ThinkPHP\Lib\Template\ThinkTemplate.class.php 第 404 行.
NOTIC: [2] preg_replace(): The /e modifier is no longer supported, use preg_replace_callback instead C:\phpstudy_pro\WWW\wang\mywork\ThinkPHP\Lib\Template\ThinkTemplate.class.php 第 404 行.
NOTIC: [2] preg_replace(): The /e modifier is no longer supported, use preg_replace_callback instead C:\phpstudy_pro\WWW\wang\mywork\ThinkPHP\Lib\Template\ThinkTemplate.class.php 第 404 行.
NOTIC: [2] preg_replace(): The /e modifier is no longer supported, use preg_replace_callback instead C:\phpstudy_pro\WWW\wang\mywork\ThinkPHP\Lib\Template\ThinkTemplate.class.php 第 404 行.
NOTIC: [2] preg_replace(): The /e modifier is no longer supported, use preg_replace_callback instead C:\phpstudy_pro\WWW\wang\mywork\ThinkPHP\Lib\Template\ThinkTemplate.class.php 第 404 行.
NOTIC: [2] preg_replace(): The /e modifier is no longer supported, use preg_replace_callback instead C:\phpstudy_pro\WWW\wang\mywork\ThinkPHP\Lib\Template\ThinkTemplate.class.php 第 404 行.
NOTIC: [2] preg_replace(): The /e modifier is no longer supported, use preg_replace_callback instead C:\phpstudy_pro\WWW\wang\mywork\ThinkPHP\Lib\Template\ThinkTemplate.class.php 第 404 行.
NOTIC: [2] preg_replace(): The /e modifier is no longer supported, use preg_replace_callback instead C:\phpstudy_pro\WWW\wang\mywork\ThinkPHP\Lib\Template\ThinkTemplate.class.php 第 404 行.
NOTIC: [2] preg_replace(): The /e modifier is no longer supported, use preg_replace_callback instead C:\phpstudy_pro\WWW\wang\mywork\ThinkPHP\Lib\Template\ThinkTemplate.class.php 第 404 行.
NOTIC: [2] preg_replace(): The /e modifier is no longer supported, use preg_replace_callback instead C:\phpstudy_pro\WWW\wang\mywork\ThinkPHP\Lib\Template\ThinkTemplate.class.php 第 404 行.
NOTIC: [2] preg_replace(): The /e modifier is no longer supported, use preg_replace_callback instead C:\phpstudy_pro\WWW\wang\mywork\ThinkPHP\Lib\Template\ThinkTemplate.class.php 第 404 行.
NOTIC: [2] preg_replace(): The /e modifier is no longer supported, use preg_replace_callback instead C:\phpstudy_pro\WWW\wang\mywork\ThinkPHP\Lib\Template\ThinkTemplate.class.php 第 404 行.
NOTIC: [2] preg_replace(): The /e modifier is no longer supported, use preg_replace_callback instead C:\phpstudy_pro\WWW\wang\mywork\ThinkPHP\Lib\Template\ThinkTemplate.class.php 第 404 行.
NOTIC: [2] preg_replace(): The /e modifier is no longer supported, use preg_replace_callback instead C:\phpstudy_pro\WWW\wang\mywork\ThinkPHP\Lib\Template\ThinkTemplate.class.php 第 404 行.
NOTIC: [2] preg_replace(): The /e modifier is no longer supported, use preg_replace_callback instead C:\phpstudy_pro\WWW\wang\mywork\ThinkPHP\Lib\Template\ThinkTemplate.class.php 第 404 行.
NOTIC: [2] preg_replace(): The /e modifier is no longer supported, use preg_replace_callback instead C:\phpstudy_pro\WWW\wang\mywork\ThinkPHP\Lib\Template\ThinkTemplate.class.php 第 404 行.
NOTIC: [2] preg_replace(): The /e modifier is no longer supported, use preg_replace_callback instead C:\phpstudy_pro\WWW\wang\mywork\ThinkPHP\Lib\Template\ThinkTemplate.class.php 第 404 行.
NOTIC: [2] preg_replace(): The /e modifier is no longer supported, use preg_replace_callback instead C:\phpstudy_pro\WWW\wang\mywork\ThinkPHP\Lib\Template\ThinkTemplate.class.php 第 404 行.
NOTIC: [2] preg_replace(): The /e modifier is no longer supported, use preg_replace_callback instead C:\phpstudy_pro\WWW\wang\mywork\ThinkPHP\Lib\Template\ThinkTemplate.class.php 第 404 行.
NOTIC: [2] preg_replace(): The /e modifier is no longer supported, use preg_replace_callback instead C:\phpstudy_pro\WWW\wang\mywork\ThinkPHP\Lib\Template\ThinkTemplate.class.php 第 404 行.
NOTIC: [2] preg_replace(): The /e modifier is no longer supported, use preg_replace_callback instead C:\phpstudy_pro\WWW\wang\mywork\ThinkPHP\Lib\Template\ThinkTemplate.class.php 第 404 行.
NOTIC: [2] preg_replace(): The /e modifier is no longer supported, use preg_replace_callback instead C:\phpstudy_pro\WWW\wang\mywork\ThinkPHP\Lib\Template\ThinkTemplate.class.php 第 404 行.
NOTIC: [2] preg_replace(): The /e modifier is no longer supported, use preg_replace_callback instead C:\phpstudy_pro\WWW\wang\mywork\ThinkPHP\Lib\Template\ThinkTemplate.class.php 第 404 行.
NOTIC: [2] preg_replace(): The /e modifier is no longer supported, use preg_replace_callback instead C:\phpstudy_pro\WWW\wang\mywork\ThinkPHP\Lib\Template\ThinkTemplate.class.php 第 404 行.
NOTIC: [2] preg_replace(): The /e modifier is no longer supported, use preg_replace_callback instead C:\phpstudy_pro\WWW\wang\mywork\ThinkPHP\Lib\Template\ThinkTemplate.class.php 第 404 行.
NOTIC: [2] preg_replace(): The /e modifier is no longer supported, use preg_replace_callback instead C:\phpstudy_pro\WWW\wang\mywork\ThinkPHP\Lib\Template\ThinkTemplate.class.php 第 404 行.
NOTIC: [2] preg_replace(): The /e modifier is no longer supported, use preg_replace_callback instead C:\phpstudy_pro\WWW\wang\mywork\ThinkPHP\Lib\Template\ThinkTemplate.class.php 第 404 行.
NOTIC: [2] preg_replace(): The /e modifier is no longer supported, use preg_replace_callback instead C:\phpstudy_pro\WWW\wang\mywork\ThinkPHP\Lib\Template\ThinkTemplate.class.php 第 404 行.
NOTIC: [2] preg_replace(): The /e modifier is no longer supported, use preg_replace_callback instead C:\phpstudy_pro\WWW\wang\mywork\ThinkPHP\Lib\Template\ThinkTemplate.class.php 第 404 行.
NOTIC: [2] preg_replace(): The /e modifier is no longer supported, use preg_replace_callback instead C:\phpstudy_pro\WWW\wang\mywork\ThinkPHP\Lib\Template\ThinkTemplate.class.php 第 404 行.
NOTIC: [2] preg_replace(): The /e modifier is no longer supported, use preg_replace_callback instead C:\phpstudy_pro\WWW\wang\mywork\ThinkPHP\Lib\Template\ThinkTemplate.class.php 第 404 行.
NOTIC: [2] preg_replace(): The /e modifier is no longer supported, use preg_replace_callback instead C:\phpstudy_pro\WWW\wang\mywork\ThinkPHP\Lib\Template\ThinkTemplate.class.php 第 404 行.
NOTIC: [2] preg_replace(): The /e modifier is no longer supported, use preg_replace_callback instead C:\phpstudy_pro\WWW\wang\mywork\ThinkPHP\Lib\Template\ThinkTemplate.class.php 第 404 行.
NOTIC: [2] preg_replace(): The /e modifier is no longer supported, use preg_replace_callback instead C:\phpstudy_pro\WWW\wang\mywork\ThinkPHP\Lib\Template\ThinkTemplate.class.php 第 404 行.
NOTIC: [2] preg_replace(): The /e modifier is no longer supported, use preg_replace_callback instead C:\phpstudy_pro\WWW\wang\mywork\ThinkPHP\Lib\Template\ThinkTemplate.class.php 第 404 行.
NOTIC: [2] preg_replace(): The /e modifier is no longer supported, use preg_replace_callback instead C:\phpstudy_pro\WWW\wang\mywork\ThinkPHP\Lib\Template\ThinkTemplate.class.php 第 404 行.
NOTIC: [2] preg_replace(): The /e modifier is no longer supported, use preg_replace_callback instead C:\phpstudy_pro\WWW\wang\mywork\ThinkPHP\Lib\Template\ThinkTemplate.class.php 第 404 行.
NOTIC: [2] preg_replace(): The /e modifier is no longer supported, use preg_replace_callback instead C:\phpstudy_pro\WWW\wang\mywork\ThinkPHP\Lib\Template\ThinkTemplate.class.php 第 399 行.
NOTIC: [2] preg_replace(): The /e modifier is no longer supported, use preg_replace_callback instead C:\phpstudy_pro\WWW\wang\mywork\ThinkPHP\Lib\Template\ThinkTemplate.class.php 第 399 行.
NOTIC: [2] preg_replace(): The /e modifier is no longer supported, use preg_replace_callback instead C:\phpstudy_pro\WWW\wang\mywork\ThinkPHP\Lib\Template\ThinkTemplate.class.php 第 399 行.
NOTIC: [2] preg_replace(): The /e modifier is no longer supported, use preg_replace_callback instead C:\phpstudy_pro\WWW\wang\mywork\ThinkPHP\Lib\Template\ThinkTemplate.class.php 第 399 行.
NOTIC: [2] preg_replace(): The /e modifier is no longer supported, use preg_replace_callback instead C:\phpstudy_pro\WWW\wang\mywork\ThinkPHP\Lib\Template\ThinkTemplate.class.php 第 399 行.
NOTIC: [2] preg_replace(): The /e modifier is no longer supported, use preg_replace_callback instead C:\phpstudy_pro\WWW\wang\mywork\ThinkPHP\Lib\Template\ThinkTemplate.class.php 第 399 行.
NOTIC: [2] preg_replace(): The /e modifier is no longer supported, use preg_replace_callback instead C:\phpstudy_pro\WWW\wang\mywork\ThinkPHP\Lib\Template\ThinkTemplate.class.php 第 404 行.
NOTIC: [2] preg_replace(): The /e modifier is no longer supported, use preg_replace_callback instead C:\phpstudy_pro\WWW\wang\mywork\ThinkPHP\Lib\Template\ThinkTemplate.class.php 第 404 行.
NOTIC: [2] preg_replace(): The /e modifier is no longer supported, use preg_replace_callback instead C:\phpstudy_pro\WWW\wang\mywork\ThinkPHP\Lib\Template\ThinkTemplate.class.php 第 404 行.
NOTIC: [2] preg_replace(): The /e modifier is no longer supported, use preg_replace_callback instead C:\phpstudy_pro\WWW\wang\mywork\ThinkPHP\Lib\Template\ThinkTemplate.class.php 第 197 行.
NOTIC: [2] preg_replace(): The /e modifier is no longer supported, use preg_replace_callback instead C:\phpstudy_pro\WWW\wang\mywork\ThinkPHP\Lib\Template\ThinkTemplate.class.php 第 137 行.
INFO: ParseTemplate Behavior ::run [ RunTime:0.005411s ]
INFO: [ view_parse ] --END-- [ RunTime:0.005431s ]
INFO: [ view_filter ] --START--
INFO: ContentReplace Behavior ::run [ RunTime:0.000521s ]
INFO: TokenBuild Behavior ::run [ RunTime:0.000556s ]
INFO: WriteHtmlCache Behavior ::run [ RunTime:0.000503s ]
INFO: ShowRuntime Behavior ::run [ RunTime:0.000586s ]
INFO: [ view_filter ] --END-- [ RunTime:0.002220s ]
INFO: [ view_end ] --START--
INFO: ShowPageTrace Behavior ::run [ RunTime:0.000620s ]
INFO: [ view_end ] --END-- [ RunTime:0.000634s ]

